# JRE version: Java(TM) SE Runtime Environment (11.0.6+8) (build 11.0.6+8-LTS)
# Java VM: Java HotSpot(TM) 64-Bit Server VM (11.0.6+8-LTS, mixed mode, tiered, compressed oops, g1 gc, windows-amd64)
Heap:
 garbage-first heap   total 260096K, used 157403K [0x0000000702e00000, 0x0000000800000000)
  region size 1024K, 148 young (151552K), 17 survivors (17408K)
 Metaspace       used 64768K, capacity 66574K, committed 66816K, reserved 1107968K
  class space    used 8316K, capacity 9035K, committed 9036K, reserved 1048576K
GC Heap History (10 events):
Event: 2.069 GC heap before
{Heap before GC invocations=3 (full 0):
 garbage-first heap   total 260096K, used 13110K [0x0000000702e00000, 0x0000000800000000)
  region size 1024K, 7 young (7168K), 2 survivors (2048K)
 Metaspace       used 20472K, capacity 21087K, committed 21248K, reserved 1067008K
  class space    used 2470K, capacity 2710K, committed 2816K, reserved 1048576K
}
Event: 2.072 GC heap after
{Heap after GC invocations=4 (full 0):
 garbage-first heap   total 260096K, used 9218K [0x0000000702e00000, 0x0000000800000000)
  region size 1024K, 2 young (2048K), 2 survivors (2048K)
 Metaspace       used 20472K, capacity 21087K, committed 21248K, reserved 1067008K
  class space    used 2470K, capacity 2710K, committed 2816K, reserved 1048576K
}
Event: 2.956 GC heap before
{Heap before GC invocations=5 (full 0):
 garbage-first heap   total 260096K, used 109570K [0x0000000702e00000, 0x0000000800000000)
  region size 1024K, 101 young (103424K), 2 survivors (2048K)
 Metaspace       used 27547K, capacity 28481K, committed 28672K, reserved 1075200K
  class space    used 3387K, capacity 3775K, committed 3840K, reserved 1048576K
}
Event: 2.960 GC heap after
{Heap after GC invocations=6 (full 0):
 garbage-first heap   total 260096K, used 11513K [0x0000000702e00000, 0x0000000800000000)
  region size 1024K, 5 young (5120K), 5 survivors (5120K)
 Metaspace       used 27547K, capacity 28481K, committed 28672K, reserved 1075200K
  class space    used 3387K, capacity 3775K, committed 3840K, reserved 1048576K
}
Event: 4.384 GC heap before
{Heap before GC invocations=6 (full 0):
 garbage-first heap   total 260096K, used 137465K [0x0000000702e00000, 0x0000000800000000)
  region size 1024K, 129 young (132096K), 5 survivors (5120K)
 Metaspace       used 34504K, capacity 35743K, committed 35840K, reserved 1081344K
  class space    used 4338K, capacity 4841K, committed 4864K, reserved 1048576K
}
Event: 4.391 GC heap after
{Heap after GC invocations=7 (full 0):
 garbage-first heap   total 260096K, used 15088K [0x0000000702e00000, 0x0000000800000000)
  region size 1024K, 8 young (8192K), 8 survivors (8192K)
 Metaspace       used 34504K, capacity 35743K, committed 35840K, reserved 1081344K
  class space    used 4338K, capacity 4841K, committed 4864K, reserved 1048576K
}
Event: 4.455 GC heap before
{Heap before GC invocations=7 (full 0):
 garbage-first heap   total 260096K, used 28400K [0x0000000702e00000, 0x0000000800000000)
  region size 1024K, 23 young (23552K), 8 survivors (8192K)
 Metaspace       used 34610K, capacity 35807K, committed 35840K, reserved 1081344K
  class space    used 4346K, capacity 4841K, committed 4864K, reserved 1048576K
}
Event: 4.463 GC heap after
{Heap after GC invocations=8 (full 0):
 garbage-first heap   total 260096K, used 15367K [0x0000000702e00000, 0x0000000800000000)
  region size 1024K, 8 young (8192K), 8 survivors (8192K)
 Metaspace       used 34610K, capacity 35807K, committed 35840K, reserved 1081344K
  class space    used 4346K, capacity 4841K, committed 4864K, reserved 1048576K
}
Event: 7.758 GC heap before
{Heap before GC invocations=9 (full 0):
 garbage-first heap   total 260096K, used 150535K [0x0000000702e00000, 0x0000000800000000)
  region size 1024K, 141 young (144384K), 8 survivors (8192K)
 Metaspace       used 58500K, capacity 60144K, committed 60288K, reserved 1101824K
  class space    used 7677K, capacity 8359K, committed 8396K, reserved 1048576K
}
Event: 7.776 GC heap after
{Heap after GC invocations=10 (full 0):
 garbage-first heap   total 260096K, used 24283K [0x0000000702e00000, 0x0000000800000000)
  region size 1024K, 17 young (17408K), 17 survivors (17408K)
 Metaspace       used 58500K, capacity 60144K, committed 60288K, reserved 1101824K
  class space    used 7677K, capacity 8359K, committed 8396K, reserved 1048576K
}

